#  Simulation has been stopped
# ELBREAD: Elaboration process.
# ELBREAD: Elaboration time 0.1 [s].
# asim: Stack memory: 32MB
# asim: Retval memory: 32MB
# KERNEL: Main thread initiated.
# KERNEL: Kernel process initialization phase.
# KERNEL: Time resolution set to 1ps.
# ELAB2: Elaboration final pass...
# KERNEL: PLI/VHPI kernel's engine initialization done.
# PLI: Loading library 'C:\app\ahdl93\bin\systf.dll'
# VHPI: Loading library 'systf.dll'
# ELAB2: Create instances ...
# ELAB2: Create instances complete.
# SLP: Started
# SLP: Elaboration phase ...
# SLP: Elaboration phase ... skipped, nothing to simulate in SLP mode : 0.0 [s]
# SLP: Finished : 0.0 [s]
# ELAB2: Elaboration final pass complete - time: 0.1 [s].
# KERNEL: Kernel process initialization done.
# Allocation: Simulator allocated 9927 kB (elbread=3071 elab2=6686 kernel=169 sdf=0)
#  20:51, 13 сентября 2016 г.
#  Simulation has been initialized
#  Selected Top-Level: tc_00_01 (bhv)
# Signal /tc_0/tb/dut/reset not found in design.
# Signal /tc_0/tb/dut/clk_in not found in design.
# Signal /tc_0/tb/dut/clk_out not found in design.
# Signal /tc_0/tb/dut/din not found in design.
# Signal /tc_0/tb/dut/dout not found in design.
# Signal /tc_0/tb/dut/din0 not found in design.
# Signal /tc_0/tb/dut/din1 not found in design.
# Signal /tc_0/tb/dut/din2 not found in design.
# Signal /tc_0/tb/dut/din3 not found in design.
# Signal /tc_0/tb/dut/dout0 not found in design.
# Signal /tc_0/tb/dut/dout1 not found in design.
# Signal /tc_0/tb/dut/reset not found in design.
# Signal /tc_0/tb/dut/clk_in not found in design.
# Signal /tc_0/tb/dut/clk_out not found in design.
# Signal /tc_0/tb/dut/din not found in design.
# Signal /tc_0/tb/dut/dout not found in design.
# Signal /tc_0/tb/dut/din0 not found in design.
# Signal /tc_0/tb/dut/din1 not found in design.
# Signal /tc_0/tb/dut/din2 not found in design.
# Signal /tc_0/tb/dut/din3 not found in design.
# Signal /tc_0/tb/dut/dout0 not found in design.
# Signal /tc_0/tb/dut/dout1 not found in design.
# KERNEL: Подстройка проведена      780800
# KERNEL: time:     780800  shift: 0x00E0
# KERNEL: time:     795800  shift: 0x00DF
# KERNEL: time:     810800  shift: 0x00E1
# KERNEL: time:     825800  shift: 0x00E1
# KERNEL: time:     840800  shift: 0x00DF
# KERNEL: time:     855800  shift: 0x00E0
# KERNEL: time:     870800  shift: 0x00E0
# KERNEL: time:     885800  shift: 0x00E0
# KERNEL: time:     900800  shift: 0x00E0
# KERNEL: time:     915800  shift: 0x00E0
# KERNEL: time:     930800  shift: 0x00E0
# KERNEL: time:     945800  shift: 0x00E0
# KERNEL: time:     960800  shift: 0x00E0
# KERNEL: time:     975800  shift: 0x00E0
# KERNEL: time:     990800  shift: 0x00E0
# KERNEL: time:    1005800  shift: 0x00E0
# KERNEL: time:    1020800  shift: 0x00E0
# KERNEL: time:    1035800  shift: 0x00E0
# KERNEL: time:    1050800  shift: 0x00E0
# KERNEL: time:    1065800  shift: 0x00E0
# KERNEL: time:    1080800  shift: 0x00E0
# KERNEL: time:    1095800  shift: 0x00E0
# KERNEL: time:    1110800  shift: 0x00E0
# KERNEL: time:    1125800  shift: 0x00E0
# KERNEL: time:    1140800  shift: 0x00E0
# KERNEL: time:    1155800  shift: 0x00E0
# KERNEL: time:    1170800  shift: 0x00E0
# KERNEL: time:    1185800  shift: 0x00E0
# KERNEL: time:    1200800  shift: 0x00E0
# KERNEL: time:    1215800  shift: 0x00E0
# KERNEL: time:    1230800  shift: 0x00E0
# KERNEL: time:    1245800  shift: 0x00E0
# KERNEL: 
# KERNEL: 
# KERNEL: TEST finished successfully
# KERNEL: 
# EXECUTION:: FAILURE: ... End of Testcase; Ending simulation (not a Failure)
# EXECUTION:: Time: 1260800 ns,  Iteration: 0,  Instance: /tc_00_01/tc,  Process: pr_check.
# KERNEL: stopped at delta: 0 at time 1260800 ns.
#  Simulation has been stopped
